[0mGET / [36m304 [0m14.653 ms - -[0m
[0mGET /stylesheets/common.css [36m304 [0m3.372 ms - -[0m
[0mGET /stylesheets/reset.css [36m304 [0m0.613 ms - -[0m
[0mGET /javascripts/jquery-2.1.1.min.js [36m304 [0m0.362 ms - -[0m
[0mGET /img/favicon.ico [33m404 [0m2.638 ms - 916[0m
[0mGET / [36m304 [0m1.405 ms - -[0m
[0mGET /stylesheets/reset.css [36m304 [0m1.149 ms - -[0m
[0mGET /stylesheets/common.css [36m304 [0m0.350 ms - -[0m
[0mGET /img/favicon.ico [33m404 [0m0.876 ms - 916[0m
[0mGET /javascripts/jquery-2.1.1.min.js [36m304 [0m0.368 ms - -[0m
[0mGET / [32m200 [0m0.840 ms - 7793[0m
[0mGET / [36m304 [0m0.930 ms - -[0m
[0mGET /stylesheets/reset.css [36m304 [0m0.562 ms - -[0m
[0mGET /javascripts/jquery-2.1.1.min.js [36m304 [0m0.468 ms - -[0m
[0mGET /stylesheets/common.css [36m304 [0m2.325 ms - -[0m
[0mGET / [36m304 [0m1.245 ms - -[0m
[0mGET /javascripts/jquery-2.1.1.min.js [36m304 [0m0.594 ms - -[0m
[0mGET /stylesheets/reset.css [36m304 [0m0.391 ms - -[0m
[0mGET /stylesheets/common.css [36m304 [0m0.811 ms - -[0m
[0mGET / [36m304 [0m0.864 ms - -[0m
[0mGET /javascripts/jquery-2.1.1.min.js [36m304 [0m0.336 ms - -[0m
[0mGET /stylesheets/common.css [36m304 [0m0.331 ms - -[0m
[0mGET /stylesheets/reset.css [36m304 [0m0.426 ms - -[0m
[0mGET / [36m304 [0m0.829 ms - -[0m
[0mGET /stylesheets/reset.css [36m304 [0m0.450 ms - -[0m
[0mGET /stylesheets/common.css [36m304 [0m0.646 ms - -[0m
[0mGET /javascripts/jquery-2.1.1.min.js [36m304 [0m0.311 ms - -[0m
[0mGET / [36m304 [0m0.872 ms - -[0m
[0mGET /javascripts/jquery-2.1.1.min.js [36m304 [0m0.331 ms - -[0m
[0mGET /stylesheets/reset.css [36m304 [0m1.012 ms - -[0m
[0mGET /stylesheets/common.css [36m304 [0m0.427 ms - -[0m
[0mGET / [36m304 [0m5.506 ms - -[0m
[0mGET /stylesheets/reset.css [36m304 [0m2.146 ms - -[0m
[0mGET /javascripts/jquery-2.1.1.min.js [36m304 [0m1.218 ms - -[0m
[0mGET /stylesheets/common.css [36m304 [0m2.072 ms - -[0m
[0mGET /stylesheets/common.css [36m304 [0m1.139 ms - -[0m
[0mGET /stylesheets/reset.css [36m304 [0m2.089 ms - -[0m
[0mGET / [32m200 [0m1.816 ms - 7793[0m
[0mGET /stylesheets/common.css [32m200 [0m4.036 ms - 2856[0m
[0mGET /stylesheets/reset.css [32m200 [0m1.362 ms - 1968[0m
[0mGET /javascripts/jquery-2.1.1.min.js [32m200 [0m3.013 ms - 84245[0m
[0mGET / [32m200 [0m1.333 ms - 7793[0m
[0mGET /stylesheets/reset.css [32m200 [0m3.357 ms - 1968[0m
[0mGET /stylesheets/common.css [32m200 [0m1.218 ms - 2856[0m
[0mGET /javascripts/jquery-2.1.1.min.js [32m200 [0m0.491 ms - 84245[0m
[0mGET / [32m200 [0m0.879 ms - 7793[0m
[0mGET /stylesheets/reset.css [32m200 [0m2.236 ms - 1968[0m
[0mGET /javascripts/jquery-2.1.1.min.js [32m200 [0m1.677 ms - 84245[0m
[0mGET /stylesheets/common.css [32m200 [0m0.340 ms - 2856[0m
[0mGET / [32m200 [0m2.052 ms - 7793[0m
[0mGET /stylesheets/reset.css [32m200 [0m4.305 ms - 1968[0m
[0mGET /javascripts/jquery-2.1.1.min.js [32m200 [0m3.074 ms - 84245[0m
[0mGET /stylesheets/common.css [32m200 [0m0.956 ms - 2856[0m
[0mGET / [32m200 [0m1.703 ms - 7793[0m
[0mGET /stylesheets/reset.css [32m200 [0m4.872 ms - 1968[0m
[0mGET /stylesheets/common.css [32m200 [0m4.177 ms - 2856[0m
[0mGET /javascripts/jquery-2.1.1.min.js [32m200 [0m3.867 ms - 84245[0m
[0mGET / [32m200 [0m1.698 ms - 7793[0m
[0mGET /stylesheets/reset.css [32m200 [0m0.888 ms - 1968[0m
[0mGET /javascripts/jquery-2.1.1.min.js [32m200 [0m0.415 ms - 84245[0m
[0mGET /stylesheets/common.css [32m200 [0m0.392 ms - 2856[0m
[0mGET / [32m200 [0m1.059 ms - 7793[0m
[0mGET /stylesheets/reset.css [32m200 [0m0.610 ms - 1968[0m
[0mGET /stylesheets/common.css [32m200 [0m0.372 ms - 2856[0m
[0mGET /javascripts/jquery-2.1.1.min.js [32m200 [0m0.303 ms - 84245[0m
[0mGET / [32m200 [0m1.245 ms - 7793[0m
[0mGET /stylesheets/reset.css [32m200 [0m0.562 ms - 1968[0m
[0mGET /stylesheets/common.css [32m200 [0m0.914 ms - 2856[0m
[0mGET /javascripts/jquery-2.1.1.min.js [32m200 [0m1.445 ms - 84245[0m
[0mGET / [32m200 [0m0.852 ms - 7793[0m
[0mGET /stylesheets/common.css [32m200 [0m1.432 ms - 2856[0m
[0mGET /stylesheets/reset.css [32m200 [0m0.345 ms - 1968[0m
[0mGET /javascripts/jquery-2.1.1.min.js [32m200 [0m0.286 ms - 84245[0m
[0mGET / [32m200 [0m0.787 ms - 7793[0m
[0mGET /stylesheets/reset.css [32m200 [0m0.559 ms - 1968[0m
[0mGET /stylesheets/common.css [32m200 [0m0.935 ms - 2856[0m
[0mGET /javascripts/jquery-2.1.1.min.js [32m200 [0m0.454 ms - 84245[0m
[0mGET / [32m200 [0m1.515 ms - 7793[0m
[0mGET /stylesheets/reset.css [32m200 [0m2.387 ms - 1968[0m
[0mGET /stylesheets/common.css [32m200 [0m0.556 ms - 2856[0m
[0mGET /javascripts/jquery-2.1.1.min.js [32m200 [0m1.662 ms - 84245[0m
[0mGET /img/favicon.ico [33m404 [0m1.944 ms - 916[0m
[0mGET / [36m304 [0m1.099 ms - -[0m
[0mGET / [32m200 [0m2.186 ms - 7793[0m
[0mGET /img/favicon.ico [33m404 [0m1.404 ms - 916[0m
[0mGET /stylesheets/reset.css [36m304 [0m1.385 ms - -[0m
[0mGET /stylesheets/common.css [36m304 [0m0.395 ms - -[0m
[0mGET /stylesheets/reset.css [36m304 [0m1.200 ms - -[0m
[0mGET /javascripts/jquery-2.1.1.min.js [36m304 [0m1.599 ms - -[0m
[0mGET /stylesheets/common.css [36m304 [0m0.634 ms - -[0m
[0mGET /javascripts/jquery-2.1.1.min.js [36m304 [0m0.234 ms - -[0m
[0mGET / [32m200 [0m0.816 ms - 7793[0m
[0mGET /stylesheets/reset.css [36m304 [0m0.709 ms - -[0m
[0mGET /stylesheets/common.css [36m304 [0m0.294 ms - -[0m
[0mGET /javascripts/jquery-2.1.1.min.js [36m304 [0m0.196 ms - -[0m
[0mGET / [32m200 [0m1.765 ms - 7793[0m
[0mGET /stylesheets/reset.css [32m200 [0m1.498 ms - 1968[0m
[0mGET /stylesheets/common.css [32m200 [0m0.412 ms - 2856[0m
[0mGET /javascripts/jquery-2.1.1.min.js [32m200 [0m0.511 ms - 84245[0m
[0mGET / [32m200 [0m0.775 ms - 7793[0m
[0mGET /stylesheets/reset.css [32m200 [0m0.530 ms - 1968[0m
[0mGET /stylesheets/common.css [32m200 [0m0.537 ms - 2856[0m
[0mGET /javascripts/jquery-2.1.1.min.js [32m200 [0m0.454 ms - 84245[0m
